2025-09-05 20:43:03 | INFO | __main__:159 | PARAMETER: duration_seconds = 5
2025-09-05 20:43:03.537 | INFO     | __main__:create_folders_periodically:159 - PARAMETER: duration_seconds = 5
2025-09-05 20:43:03 | INFO | __main__:168 | Created folder: C:\Users\tmmar\datafun-02-automation\periodic_folder_1
2025-09-05 20:43:03.539 | INFO     | __main__:create_folders_periodically:168 - Created folder: C:\Users\tmmar\datafun-02-automation\periodic_folder_1
2025-09-05 20:43:03 | INFO | __main__:171 | Waiting 5 seconds before creating the next folder...
2025-09-05 20:43:03.540 | INFO     | __main__:create_folders_periodically:171 - Waiting 5 seconds before creating the next folder...
2025-09-05 20:43:08 | INFO | __main__:168 | Created folder: C:\Users\tmmar\datafun-02-automation\periodic_folder_2
2025-09-05 20:43:08.541 | INFO     | __main__:create_folders_periodically:168 - Created folder: C:\Users\tmmar\datafun-02-automation\periodic_folder_2
2025-09-05 20:43:08 | INFO | __main__:171 | Waiting 5 seconds before creating the next folder...
2025-09-05 20:43:08.544 | INFO     | __main__:create_folders_periodically:171 - Waiting 5 seconds before creating the next folder...
2025-09-05 20:43:13 | INFO | __main__:168 | Created folder: C:\Users\tmmar\datafun-02-automation\periodic_folder_3
2025-09-05 20:43:13.547 | INFO     | __main__:create_folders_periodically:168 - Created folder: C:\Users\tmmar\datafun-02-automation\periodic_folder_3
2025-09-05 20:43:13 | INFO | __main__:171 | Waiting 5 seconds before creating the next folder...
2025-09-05 20:43:13.548 | INFO     | __main__:create_folders_periodically:171 - Waiting 5 seconds before creating the next folder...
2025-09-05 20:43:18 | INFO | __main__:168 | Created folder: C:\Users\tmmar\datafun-02-automation\periodic_folder_4
2025-09-05 20:43:18.550 | INFO     | __main__:create_folders_periodically:168 - Created folder: C:\Users\tmmar\datafun-02-automation\periodic_folder_4
2025-09-05 20:43:18 | INFO | __main__:171 | Waiting 5 seconds before creating the next folder...
2025-09-05 20:43:18.551 | INFO     | __main__:create_folders_periodically:171 - Waiting 5 seconds before creating the next folder...
2025-09-05 20:43:23 | INFO | __main__:168 | Created folder: C:\Users\tmmar\datafun-02-automation\periodic_folder_5
2025-09-05 20:43:23.554 | INFO     | __main__:create_folders_periodically:168 - Created folder: C:\Users\tmmar\datafun-02-automation\periodic_folder_5
2025-09-05 20:43:23 | INFO | __main__:193 | FUNCTION: create_standardized_folders()
2025-09-05 20:43:23.555 | INFO     | __main__:create_standardized_folders:193 - FUNCTION: create_standardized_folders()
2025-09-05 20:43:23 | INFO | __main__:194 | PARAMETERS: folder_list = ['North America', 'South America', 'Europe', 'Asia', 'Africa', 'Oceania', 'Middle East'], to_lowercase = True, remove_spaces = True
2025-09-05 20:43:23.556 | INFO     | __main__:create_standardized_folders:194 - PARAMETERS: folder_list = ['North America', 'South America', 'Europe', 'Asia', 'Africa', 'Oceania', 'Middle East'], to_lowercase = True, remove_spaces = True
2025-09-05 20:43:23 | INFO | __main__:195 | OPTIONS: to_lowercase = True, remove_spaces = True
2025-09-05 20:43:23.557 | INFO     | __main__:create_standardized_folders:195 - OPTIONS: to_lowercase = True, remove_spaces = True
2025-09-05 20:43:23 | INFO | __main__:208 | Created folder: C:\Users\tmmar\datafun-02-automation\north_america (original name: 'North America')
2025-09-05 20:43:23.559 | INFO     | __main__:create_standardized_folders:208 - Created folder: C:\Users\tmmar\datafun-02-automation\north_america (original name: 'North America')
2025-09-05 20:43:23 | INFO | __main__:208 | Created folder: C:\Users\tmmar\datafun-02-automation\south_america (original name: 'South America')
2025-09-05 20:43:23.561 | INFO     | __main__:create_standardized_folders:208 - Created folder: C:\Users\tmmar\datafun-02-automation\south_america (original name: 'South America')
2025-09-05 20:43:23 | INFO | __main__:208 | Created folder: C:\Users\tmmar\datafun-02-automation\europe (original name: 'Europe')
2025-09-05 20:43:23.563 | INFO     | __main__:create_standardized_folders:208 - Created folder: C:\Users\tmmar\datafun-02-automation\europe (original name: 'Europe')
2025-09-05 20:43:23 | INFO | __main__:208 | Created folder: C:\Users\tmmar\datafun-02-automation\asia (original name: 'Asia')
2025-09-05 20:43:23.565 | INFO     | __main__:create_standardized_folders:208 - Created folder: C:\Users\tmmar\datafun-02-automation\asia (original name: 'Asia')
2025-09-05 20:43:23 | INFO | __main__:208 | Created folder: C:\Users\tmmar\datafun-02-automation\africa (original name: 'Africa')
2025-09-05 20:43:23.568 | INFO     | __main__:create_standardized_folders:208 - Created folder: C:\Users\tmmar\datafun-02-automation\africa (original name: 'Africa')
2025-09-05 20:43:23 | INFO | __main__:208 | Created folder: C:\Users\tmmar\datafun-02-automation\oceania (original name: 'Oceania')
2025-09-05 20:43:23.571 | INFO     | __main__:create_standardized_folders:208 - Created folder: C:\Users\tmmar\datafun-02-automation\oceania (original name: 'Oceania')
2025-09-05 20:43:23 | INFO | __main__:208 | Created folder: C:\Users\tmmar\datafun-02-automation\middle_east (original name: 'Middle East')
2025-09-05 20:43:23.574 | INFO     | __main__:create_standardized_folders:208 - Created folder: C:\Users\tmmar\datafun-02-automation\middle_east (original name: 'Middle East')
2025-09-05 20:43:23 | INFO | __main__:243 | 
#####################################
2025-09-05 20:43:23.576 | INFO     | __main__:main:243 - 
#####################################
2025-09-05 20:43:23 | INFO | __main__:244 | # Completed execution of main()
2025-09-05 20:43:23.577 | INFO     | __main__:main:244 - # Completed execution of main()
2025-09-05 20:43:23 | INFO | __main__:245 | #####################################
2025-09-05 20:43:23.580 | INFO     | __main__:main:245 - #####################################
